<?xml version="1.0" encoding="UTF-8"?>
<!-- Generated by org.testng.reporters.JUnitReportReporter -->
<testsuite skipped="0" hostname="DESKTOP-9B0D5EP" name="com.zoho.landingpage.signupTest" tests="4" failures="0" timestamp="2020-09-27T21:08:57 EDT" time="42.745" errors="0">
  <testcase name="signUpWithvalidemailandInvalidPassword" time="9.927" classname="com.zoho.landingpage.signupTest"/>
  <system-out/>
  <testcase name="signUpWithInvalidEmailAndValidPassword" time="11.254" classname="com.zoho.landingpage.signupTest"/>
  <system-out/>
  <testcase name="signUpWithInvalidEmailandInvalidPassword" time="10.082" classname="com.zoho.landingpage.signupTest"/>
  <system-out/>
  <testcase name="signUpWithOutSelectingTermsAndConditionsCheckboc" time="11.482" classname="com.zoho.landingpage.signupTest"/>
  <system-out/>
</testsuite> <!-- com.zoho.landingpage.signupTest -->
